<?xml version="1.0" encoding="UTF-8"?>
<!-- Generated by org.testng.reporters.JUnitReportReporter -->
<testsuite hostname="DESKTOP-H4LHD4U" name="com.flipkart.mavem.tests.TS01_Login" tests="2" failures="0" timestamp="15 Mar 2020 11:20:32 GMT" time="9.387" errors="0">
  <testcase name="login" time="9.360" classname="com.flipkart.mavem.tests.TS01_Login"/>
  <testcase name="intializePageFactory" time="0.027" classname="com.flipkart.mavem.tests.TS01_Login"/>
</testsuite> <!-- com.flipkart.mavem.tests.TS01_Login -->
