<?xml version="1.0" encoding="UTF-8"?>
<!-- Generated by org.testng.reporters.JUnitReportReporter -->
<testsuite hostname="DESKTOP-H4LHD4U" name="com.flipkart.mavem.tests.SimpleTest" tests="1" failures="0" timestamp="15 Mar 2020 09:34:40 GMT" time="0.013" errors="0">
  <testcase name="printMessage" time="0.013" classname="com.flipkart.mavem.tests.SimpleTest"/>
</testsuite> <!-- com.flipkart.mavem.tests.SimpleTest -->
